{
  "stats": {
    "suites": 1,
    "tests": 7,
    "passes": 7,
    "pending": 0,
    "failures": 0,
    "start": "2025-01-10T11:49:43.077Z",
    "end": "2025-01-10T11:49:54.158Z",
    "duration": 11081,
    "testsRegistered": 7,
    "passPercent": 100,
    "pendingPercent": 0,
    "other": 0,
    "hasOther": false,
    "skipped": 0,
    "hasSkipped": false
  },
  "results": [
    {
      "uuid": "19bfcc77-3baa-47a3-805d-fc5454d8f6f7",
      "title": "",
      "fullFile": "cypress\\e2e\\Login.cy.js",
      "file": "cypress\\e2e\\Login.cy.js",
      "beforeHooks": [],
      "afterHooks": [],
      "tests": [],
      "suites": [
        {
          "uuid": "ffb15601-cad6-4839-840e-a7dd44d808d8",
          "title": "Basic Login Flow",
          "fullFile": "",
          "file": "",
          "beforeHooks": [],
          "afterHooks": [],
          "tests": [
            {
              "title": "Open login page",
              "fullTitle": "Basic Login Flow Open login page",
              "timedOut": null,
              "duration": 4069,
              "state": "passed",
              "speed": "fast",
              "pass": true,
              "fail": false,
              "pending": false,
              "context": null,
              "code": "cy.visit(\"https://practicetestautomation.com/practice-test-login/\");",
              "err": {},
              "uuid": "fc7a1455-b506-4d6e-af3c-d780bb2ddb29",
              "parentUUID": "ffb15601-cad6-4839-840e-a7dd44d808d8",
              "isHook": false,
              "skipped": false
            },
            {
              "title": "Enter username",
              "fullTitle": "Basic Login Flow Enter username",
              "timedOut": null,
              "duration": 250,
              "state": "passed",
              "speed": "fast",
              "pass": true,
              "fail": false,
              "pending": false,
              "context": null,
              "code": "homePage.getUsername().type(\"student\");",
              "err": {},
              "uuid": "f67553c5-0869-4047-a766-9e2685f95d40",
              "parentUUID": "ffb15601-cad6-4839-840e-a7dd44d808d8",
              "isHook": false,
              "skipped": false
            },
            {
              "title": "Enter password",
              "fullTitle": "Basic Login Flow Enter password",
              "timedOut": null,
              "duration": 273,
              "state": "passed",
              "speed": "fast",
              "pass": true,
              "fail": false,
              "pending": false,
              "context": null,
              "code": "homePage.getPassword().type(\"Password123\");",
              "err": {},
              "uuid": "223cf0b9-7713-42b2-9e79-b65471fd05ab",
              "parentUUID": "ffb15601-cad6-4839-840e-a7dd44d808d8",
              "isHook": false,
              "skipped": false
            },
            {
              "title": "Click on Login button",
              "fullTitle": "Basic Login Flow Click on Login button",
              "timedOut": null,
              "duration": 1483,
              "state": "passed",
              "speed": "fast",
              "pass": true,
              "fail": false,
              "pending": false,
              "context": null,
              "code": "homePage.getLoginButton().click();",
              "err": {},
              "uuid": "8c8faa23-cf03-499a-a3fa-186ce1dc0c84",
              "parentUUID": "ffb15601-cad6-4839-840e-a7dd44d808d8",
              "isHook": false,
              "skipped": false
            },
            {
              "title": "Check login was done succesfully",
              "fullTitle": "Basic Login Flow Check login was done succesfully",
              "timedOut": null,
              "duration": 19,
              "state": "passed",
              "speed": "fast",
              "pass": true,
              "fail": false,
              "pending": false,
              "context": null,
              "code": "loggedInPage.getTitle().contains(\"Logged In Successfully\");",
              "err": {},
              "uuid": "1f64f61e-8964-4817-bd86-0f89a9470ea7",
              "parentUUID": "ffb15601-cad6-4839-840e-a7dd44d808d8",
              "isHook": false,
              "skipped": false
            },
            {
              "title": "Click on Log out button",
              "fullTitle": "Basic Login Flow Click on Log out button",
              "timedOut": null,
              "duration": 595,
              "state": "passed",
              "speed": "fast",
              "pass": true,
              "fail": false,
              "pending": false,
              "context": null,
              "code": "loggedInPage.getLogOutButton().click();",
              "err": {},
              "uuid": "e50a0458-4735-444a-b76e-f5ff1acd5c08",
              "parentUUID": "ffb15601-cad6-4839-840e-a7dd44d808d8",
              "isHook": false,
              "skipped": false
            },
            {
              "title": "Check logout was done succesfully",
              "fullTitle": "Basic Login Flow Check logout was done succesfully",
              "timedOut": null,
              "duration": 12,
              "state": "passed",
              "speed": "fast",
              "pass": true,
              "fail": false,
              "pending": false,
              "context": null,
              "code": "homePage.getTitle().contains(\"Test login\");",
              "err": {},
              "uuid": "808d9fae-41f1-4bc0-89d8-af46feb553c5",
              "parentUUID": "ffb15601-cad6-4839-840e-a7dd44d808d8",
              "isHook": false,
              "skipped": false
            }
          ],
          "suites": [],
          "passes": [
            "fc7a1455-b506-4d6e-af3c-d780bb2ddb29",
            "f67553c5-0869-4047-a766-9e2685f95d40",
            "223cf0b9-7713-42b2-9e79-b65471fd05ab",
            "8c8faa23-cf03-499a-a3fa-186ce1dc0c84",
            "1f64f61e-8964-4817-bd86-0f89a9470ea7",
            "e50a0458-4735-444a-b76e-f5ff1acd5c08",
            "808d9fae-41f1-4bc0-89d8-af46feb553c5"
          ],
          "failures": [],
          "pending": [],
          "skipped": [],
          "duration": 6701,
          "root": false,
          "rootEmpty": false,
          "_timeout": 2000
        }
      ],
      "passes": [],
      "failures": [],
      "pending": [],
      "skipped": [],
      "duration": 0,
      "root": true,
      "rootEmpty": true,
      "_timeout": 2000
    }
  ],
  "meta": {
    "mocha": {
      "version": "7.0.1"
    },
    "mochawesome": {
      "options": {
        "quiet": false,
        "reportFilename": "mochawesome",
        "saveHtml": false,
        "saveJson": true,
        "consoleReporter": "spec",
        "useInlineDiffs": false,
        "code": true
      },
      "version": "7.1.3"
    },
    "marge": {
      "options": {
        "charts": true,
        "reportPageTitle": "Test Execution Report",
        "embeddedScreenshots": true,
        "inlineAssets": true,
        "saveAllAttempts": false,
        "overwrite": false,
        "html": false,
        "json": true,
        "reportDir": "cypress\\reports\\html\\.jsons"
      },
      "version": "6.2.0"
    }
  }
}