{
  "stats": {
    "suites": 1,
    "tests": 7,
    "passes": 7,
    "pending": 0,
    "failures": 0,
    "start": "2025-01-10T11:43:42.914Z",
    "end": "2025-01-10T11:43:54.829Z",
    "duration": 11915,
    "testsRegistered": 7,
    "passPercent": 100,
    "pendingPercent": 0,
    "other": 0,
    "hasOther": false,
    "skipped": 0,
    "hasSkipped": false
  },
  "results": [
    {
      "uuid": "28f1f705-2e1e-4a2e-8451-810bb7ab3e3d",
      "title": "",
      "fullFile": "cypress\\e2e\\Login.cy.js",
      "file": "cypress\\e2e\\Login.cy.js",
      "beforeHooks": [],
      "afterHooks": [],
      "tests": [],
      "suites": [
        {
          "uuid": "2137d759-c712-4505-b900-942cabf9bc5f",
          "title": "Basic Login Flow",
          "fullFile": "",
          "file": "",
          "beforeHooks": [],
          "afterHooks": [],
          "tests": [
            {
              "title": "Open login page",
              "fullTitle": "Basic Login Flow Open login page",
              "timedOut": null,
              "duration": 5034,
              "state": "passed",
              "speed": "medium",
              "pass": true,
              "fail": false,
              "pending": false,
              "context": null,
              "code": "cy.visit(\"https://practicetestautomation.com/practice-test-login/\");",
              "err": {},
              "uuid": "19735158-65fb-478b-97ae-fb813f2472bb",
              "parentUUID": "2137d759-c712-4505-b900-942cabf9bc5f",
              "isHook": false,
              "skipped": false
            },
            {
              "title": "Enter username",
              "fullTitle": "Basic Login Flow Enter username",
              "timedOut": null,
              "duration": 285,
              "state": "passed",
              "speed": "fast",
              "pass": true,
              "fail": false,
              "pending": false,
              "context": null,
              "code": "homePage.getUsername().type(\"student\");",
              "err": {},
              "uuid": "56f945a7-31f9-42eb-b0ea-c954aaf43c34",
              "parentUUID": "2137d759-c712-4505-b900-942cabf9bc5f",
              "isHook": false,
              "skipped": false
            },
            {
              "title": "Enter password",
              "fullTitle": "Basic Login Flow Enter password",
              "timedOut": null,
              "duration": 285,
              "state": "passed",
              "speed": "fast",
              "pass": true,
              "fail": false,
              "pending": false,
              "context": null,
              "code": "homePage.getPassword().type(\"Password123\");",
              "err": {},
              "uuid": "3aeec69b-070d-404c-9526-35a1511be0fe",
              "parentUUID": "2137d759-c712-4505-b900-942cabf9bc5f",
              "isHook": false,
              "skipped": false
            },
            {
              "title": "Click on Login button",
              "fullTitle": "Basic Login Flow Click on Login button",
              "timedOut": null,
              "duration": 1400,
              "state": "passed",
              "speed": "fast",
              "pass": true,
              "fail": false,
              "pending": false,
              "context": null,
              "code": "homePage.getLoginButton().click();",
              "err": {},
              "uuid": "b5aa621d-73ec-4572-9d2b-8a2d530c320e",
              "parentUUID": "2137d759-c712-4505-b900-942cabf9bc5f",
              "isHook": false,
              "skipped": false
            },
            {
              "title": "Check login was done succesfully",
              "fullTitle": "Basic Login Flow Check login was done succesfully",
              "timedOut": null,
              "duration": 22,
              "state": "passed",
              "speed": "fast",
              "pass": true,
              "fail": false,
              "pending": false,
              "context": null,
              "code": "loggedInPage.getTitle().contains(\"Logged In Successfully\");",
              "err": {},
              "uuid": "9e8789d0-b3c1-4172-b83e-badcb90cf3df",
              "parentUUID": "2137d759-c712-4505-b900-942cabf9bc5f",
              "isHook": false,
              "skipped": false
            },
            {
              "title": "Click on Log out button",
              "fullTitle": "Basic Login Flow Click on Log out button",
              "timedOut": null,
              "duration": 989,
              "state": "passed",
              "speed": "fast",
              "pass": true,
              "fail": false,
              "pending": false,
              "context": null,
              "code": "loggedInPage.getLogOutButton().click();",
              "err": {},
              "uuid": "e3a2435e-9de0-4a79-9284-4d1201e1acf1",
              "parentUUID": "2137d759-c712-4505-b900-942cabf9bc5f",
              "isHook": false,
              "skipped": false
            },
            {
              "title": "Check logout was done succesfully",
              "fullTitle": "Basic Login Flow Check logout was done succesfully",
              "timedOut": null,
              "duration": 17,
              "state": "passed",
              "speed": "fast",
              "pass": true,
              "fail": false,
              "pending": false,
              "context": null,
              "code": "homePage.getTitle().contains(\"Test login\");",
              "err": {},
              "uuid": "e8ee3e08-7ec7-4da8-95d5-da7629de74dc",
              "parentUUID": "2137d759-c712-4505-b900-942cabf9bc5f",
              "isHook": false,
              "skipped": false
            }
          ],
          "suites": [],
          "passes": [
            "19735158-65fb-478b-97ae-fb813f2472bb",
            "56f945a7-31f9-42eb-b0ea-c954aaf43c34",
            "3aeec69b-070d-404c-9526-35a1511be0fe",
            "b5aa621d-73ec-4572-9d2b-8a2d530c320e",
            "9e8789d0-b3c1-4172-b83e-badcb90cf3df",
            "e3a2435e-9de0-4a79-9284-4d1201e1acf1",
            "e8ee3e08-7ec7-4da8-95d5-da7629de74dc"
          ],
          "failures": [],
          "pending": [],
          "skipped": [],
          "duration": 8032,
          "root": false,
          "rootEmpty": false,
          "_timeout": 2000
        }
      ],
      "passes": [],
      "failures": [],
      "pending": [],
      "skipped": [],
      "duration": 0,
      "root": true,
      "rootEmpty": true,
      "_timeout": 2000
    }
  ],
  "meta": {
    "mocha": {
      "version": "7.0.1"
    },
    "mochawesome": {
      "options": {
        "quiet": false,
        "reportFilename": "mochawesome",
        "saveHtml": false,
        "saveJson": true,
        "consoleReporter": "spec",
        "useInlineDiffs": false,
        "code": true
      },
      "version": "7.1.3"
    },
    "marge": {
      "options": {
        "charts": true,
        "reportPageTitle": "Test Execution Report",
        "embeddedScreenshots": true,
        "inlineAssets": true,
        "saveAllAttempts": false,
        "overwrite": false,
        "html": false,
        "json": true,
        "reportDir": "cypress\\reports\\html\\.jsons"
      },
      "version": "6.2.0"
    }
  }
}