{
  "stats": {
    "suites": 1,
    "tests": 7,
    "passes": 7,
    "pending": 0,
    "failures": 0,
    "start": "2025-01-10T11:48:11.601Z",
    "end": "2025-01-10T11:48:41.676Z",
    "duration": 30075,
    "testsRegistered": 7,
    "passPercent": 100,
    "pendingPercent": 0,
    "other": 0,
    "hasOther": false,
    "skipped": 0,
    "hasSkipped": false
  },
  "results": [
    {
      "uuid": "e686668d-d5eb-4bdd-b452-ddf435c0f0f6",
      "title": "",
      "fullFile": "cypress\\e2e\\Login.cy.js",
      "file": "cypress\\e2e\\Login.cy.js",
      "beforeHooks": [],
      "afterHooks": [],
      "tests": [],
      "suites": [
        {
          "uuid": "8bb53ca3-0761-4ddd-8d4f-2772e60f192a",
          "title": "Basic Login Flow",
          "fullFile": "",
          "file": "",
          "beforeHooks": [],
          "afterHooks": [],
          "tests": [
            {
              "title": "Open login page",
              "fullTitle": "Basic Login Flow Open login page",
              "timedOut": null,
              "duration": 21291,
              "state": "passed",
              "speed": "slow",
              "pass": true,
              "fail": false,
              "pending": false,
              "context": null,
              "code": "cy.visit(\"https://practicetestautomation.com/practice-test-login/\");",
              "err": {},
              "uuid": "5ea37f3d-8523-45b2-a91e-d38bce20d2ca",
              "parentUUID": "8bb53ca3-0761-4ddd-8d4f-2772e60f192a",
              "isHook": false,
              "skipped": false
            },
            {
              "title": "Enter username",
              "fullTitle": "Basic Login Flow Enter username",
              "timedOut": null,
              "duration": 274,
              "state": "passed",
              "speed": "fast",
              "pass": true,
              "fail": false,
              "pending": false,
              "context": null,
              "code": "homePage.getUsername().type(\"student\");",
              "err": {},
              "uuid": "f7becc35-2f12-4aa6-8b1d-19e932e6b7dd",
              "parentUUID": "8bb53ca3-0761-4ddd-8d4f-2772e60f192a",
              "isHook": false,
              "skipped": false
            },
            {
              "title": "Enter password",
              "fullTitle": "Basic Login Flow Enter password",
              "timedOut": null,
              "duration": 297,
              "state": "passed",
              "speed": "fast",
              "pass": true,
              "fail": false,
              "pending": false,
              "context": null,
              "code": "homePage.getPassword().type(\"Password123\");",
              "err": {},
              "uuid": "d96d68de-594b-4af4-b0f8-0d28d6e20916",
              "parentUUID": "8bb53ca3-0761-4ddd-8d4f-2772e60f192a",
              "isHook": false,
              "skipped": false
            },
            {
              "title": "Click on Login button",
              "fullTitle": "Basic Login Flow Click on Login button",
              "timedOut": null,
              "duration": 2934,
              "state": "passed",
              "speed": "fast",
              "pass": true,
              "fail": false,
              "pending": false,
              "context": null,
              "code": "homePage.getLoginButton().click();",
              "err": {},
              "uuid": "6d7eb393-93af-4644-90bf-e58f3dacd05f",
              "parentUUID": "8bb53ca3-0761-4ddd-8d4f-2772e60f192a",
              "isHook": false,
              "skipped": false
            },
            {
              "title": "Check login was done succesfully",
              "fullTitle": "Basic Login Flow Check login was done succesfully",
              "timedOut": null,
              "duration": 23,
              "state": "passed",
              "speed": "fast",
              "pass": true,
              "fail": false,
              "pending": false,
              "context": null,
              "code": "loggedInPage.getTitle().contains(\"Logged In Successfully\");",
              "err": {},
              "uuid": "90fce5d3-9277-49f9-9e93-9cef78b9248c",
              "parentUUID": "8bb53ca3-0761-4ddd-8d4f-2772e60f192a",
              "isHook": false,
              "skipped": false
            },
            {
              "title": "Click on Log out button",
              "fullTitle": "Basic Login Flow Click on Log out button",
              "timedOut": null,
              "duration": 1067,
              "state": "passed",
              "speed": "fast",
              "pass": true,
              "fail": false,
              "pending": false,
              "context": null,
              "code": "loggedInPage.getLogOutButton().click();",
              "err": {},
              "uuid": "941b7886-17db-46df-aa95-d8c91fc11af6",
              "parentUUID": "8bb53ca3-0761-4ddd-8d4f-2772e60f192a",
              "isHook": false,
              "skipped": false
            },
            {
              "title": "Check logout was done succesfully",
              "fullTitle": "Basic Login Flow Check logout was done succesfully",
              "timedOut": null,
              "duration": 15,
              "state": "passed",
              "speed": "fast",
              "pass": true,
              "fail": false,
              "pending": false,
              "context": null,
              "code": "homePage.getTitle().contains(\"Test login\");",
              "err": {},
              "uuid": "011ecd36-15e6-455b-84cd-6eb12a140b46",
              "parentUUID": "8bb53ca3-0761-4ddd-8d4f-2772e60f192a",
              "isHook": false,
              "skipped": false
            }
          ],
          "suites": [],
          "passes": [
            "5ea37f3d-8523-45b2-a91e-d38bce20d2ca",
            "f7becc35-2f12-4aa6-8b1d-19e932e6b7dd",
            "d96d68de-594b-4af4-b0f8-0d28d6e20916",
            "6d7eb393-93af-4644-90bf-e58f3dacd05f",
            "90fce5d3-9277-49f9-9e93-9cef78b9248c",
            "941b7886-17db-46df-aa95-d8c91fc11af6",
            "011ecd36-15e6-455b-84cd-6eb12a140b46"
          ],
          "failures": [],
          "pending": [],
          "skipped": [],
          "duration": 25901,
          "root": false,
          "rootEmpty": false,
          "_timeout": 2000
        }
      ],
      "passes": [],
      "failures": [],
      "pending": [],
      "skipped": [],
      "duration": 0,
      "root": true,
      "rootEmpty": true,
      "_timeout": 2000
    }
  ],
  "meta": {
    "mocha": {
      "version": "7.0.1"
    },
    "mochawesome": {
      "options": {
        "quiet": false,
        "reportFilename": "mochawesome",
        "saveHtml": false,
        "saveJson": true,
        "consoleReporter": "spec",
        "useInlineDiffs": false,
        "code": true
      },
      "version": "7.1.3"
    },
    "marge": {
      "options": {
        "charts": true,
        "reportPageTitle": "Test Execution Report",
        "embeddedScreenshots": true,
        "inlineAssets": true,
        "saveAllAttempts": false,
        "overwrite": false,
        "html": false,
        "json": true,
        "reportDir": "cypress\\reports\\html\\.jsons"
      },
      "version": "6.2.0"
    }
  }
}